<?xml version="1.0" encoding="UTF-8"?>
<!-- Generated by org.testng.reporters.JUnitXMLReporter -->
<testsuite ignored="0" hostname="Willow-PC" failures="0" tests="6" name="Surefire test" time="0.063" errors="0" timestamp="2023-12-21T10:25:18 CET">
  <testcase classname="QAclickacademy.AppiumTest" name="IOSApps" time="0.005"/>
  <testcase classname="QAclickacademy.AppiumTest" name="NativeAppAndroid" time="0.0"/>
  <testcase classname="QAclickacademy.RESTAPITest" name="deleteTwitter" time="0.0"/>
  <testcase classname="QAclickacademy.RESTAPITest" name="postJira" time="0.001"/>
  <testcase classname="QAclickacademy.SeleniumTest" name="BrowserAutomation" time="0.001"/>
  <testcase classname="QAclickacademy.SeleniumTest" name="elementsUi" time="0.0"/>
</testsuite> <!-- Surefire test -->
