<?xml version="1.0" encoding="UTF-8"?>
<!-- Generated by org.testng.reporters.JUnitXMLReporter -->
<testsuite ignored="0" hostname="Willow-PC" failures="0" tests="4" name="Test" time="0.17" errors="0" timestamp="2023-12-21T10:14:57 CET">
  <testcase classname="QAclickacademy.RESTAPITest" name="deleteTwitter" time="0.017"/>
  <testcase classname="QAclickacademy.RESTAPITest" name="postJira" time="0.002"/>
  <testcase classname="QAclickacademy.SeleniumTest" name="BrowserAutomation" time="0.002"/>
  <testcase classname="QAclickacademy.SeleniumTest" name="elementsUi" time="0.003"/>
</testsuite> <!-- Test -->
