<?xml version="1.0" encoding="UTF-8"?>
<testng-results ignored="0" total="6" passed="6" failed="0" skipped="0">
  <reporter-output>
  </reporter-output>
  <suite started-at="2023-12-21T10:25:18 CET" name="Surefire suite" finished-at="2023-12-21T10:25:18 CET" duration-ms="63">
    <groups>
    </groups>
    <test started-at="2023-12-21T10:25:18 CET" name="Surefire test" finished-at="2023-12-21T10:25:18 CET" duration-ms="63">
      <class name="QAclickacademy.RESTAPITest">
        <test-method signature="deleteTwitter()[pri:0, instance:QAclickacademy.RESTAPITest@358ee631]" started-at="2023-12-21T10:25:18 CET" name="deleteTwitter" finished-at="2023-12-21T10:25:18 CET" duration-ms="0" status="PASS">
          <reporter-output>
          </reporter-output>
        </test-method> <!-- deleteTwitter -->
        <test-method signature="postJira()[pri:0, instance:QAclickacademy.RESTAPITest@358ee631]" started-at="2023-12-21T10:25:18 CET" name="postJira" finished-at="2023-12-21T10:25:18 CET" duration-ms="1" status="PASS">
          <reporter-output>
          </reporter-output>
        </test-method> <!-- postJira -->
      </class> <!-- QAclickacademy.RESTAPITest -->
      <class name="QAclickacademy.SeleniumTest">
        <test-method signature="BrowserAutomation()[pri:0, instance:QAclickacademy.SeleniumTest@ec756bd]" started-at="2023-12-21T10:25:18 CET" name="BrowserAutomation" finished-at="2023-12-21T10:25:18 CET" duration-ms="1" status="PASS">
          <reporter-output>
          </reporter-output>
        </test-method> <!-- BrowserAutomation -->
        <test-method signature="elementsUi()[pri:0, instance:QAclickacademy.SeleniumTest@ec756bd]" started-at="2023-12-21T10:25:18 CET" name="elementsUi" finished-at="2023-12-21T10:25:18 CET" duration-ms="0" status="PASS">
          <reporter-output>
          </reporter-output>
        </test-method> <!-- elementsUi -->
      </class> <!-- QAclickacademy.SeleniumTest -->
      <class name="QAclickacademy.AppiumTest">
        <test-method signature="IOSApps()[pri:0, instance:QAclickacademy.AppiumTest@4fe767f3]" started-at="2023-12-21T10:25:18 CET" name="IOSApps" finished-at="2023-12-21T10:25:18 CET" duration-ms="5" status="PASS">
          <reporter-output>
          </reporter-output>
        </test-method> <!-- IOSApps -->
        <test-method signature="NativeAppAndroid()[pri:0, instance:QAclickacademy.AppiumTest@4fe767f3]" started-at="2023-12-21T10:25:18 CET" name="NativeAppAndroid" finished-at="2023-12-21T10:25:18 CET" duration-ms="0" status="PASS">
          <reporter-output>
          </reporter-output>
        </test-method> <!-- NativeAppAndroid -->
      </class> <!-- QAclickacademy.AppiumTest -->
    </test> <!-- Surefire test -->
  </suite> <!-- Surefire suite -->
</testng-results>
