<?xml version="1.0" encoding="UTF-8"?>
<testsuite xmlns:xsi="http://www.w3.org/2001/XMLSchema-instance" xsi:noNamespaceSchemaLocation="https://maven.apache.org/surefire/maven-surefire-plugin/xsd/surefire-test-report-3.0.xsd" version="3.0" name="TestSuite" time="0.643" tests="6" errors="0" skipped="0" failures="0">
  <properties>
[...]
</properties>
  <testcase name="IOSApps" classname="QAclickacademy.AppiumTest" time="0.006">
    <system-out><![CDATA[IOSApps
]]></system-out>
    <system-err><![CDATA[SLF4J: Failed to load class "org.slf4j.impl.StaticLoggerBinder".
SLF4J: Defaulting to no-operation (NOP) logger implementation
SLF4J: See http://www.slf4j.org/codes.html#StaticLoggerBinder for further details.
]]></system-err>
  </testcase>
  <testcase name="NativeAppAndroid" classname="QAclickacademy.AppiumTest" time="0.009">
    <system-out><![CDATA[NativeAppAndroid
]]></system-out>
  </testcase>
  <testcase name="deleteTwitter" classname="QAclickacademy.RESTAPITest" time="0.001">
    <system-out><![CDATA[deleteTwitter
]]></system-out>
  </testcase>
  <testcase name="postJira" classname="QAclickacademy.RESTAPITest" time="0.001">
    <system-out><![CDATA[postJira
]]></system-out>
  </testcase>
  <testcase name="BrowserAutomation" classname="QAclickacademy.SeleniumTest" time="0.001">
    <system-out><![CDATA[BrowserAutomation
]]></system-out>
  </testcase>
  <testcase name="elementsUi" classname="QAclickacademy.SeleniumTest" time="0.001">
    <system-out><![CDATA[elementsUi
]]></system-out>
  </testcase>
</testsuite>